<?xml version="1.0" encoding="UTF-8"?>
<!-- Generated by org.testng.reporters.JUnitXMLReporter -->
<testsuite ignored="3" hostname="DESKTOP-65NECE7" failures="0" tests="2" name="Default test" time="12.726" errors="0" timestamp="2025-12-14T04:58:44 PST">
  <testcase classname="DataBaseTesting.AutomationTestStore" name="Read" time="0.052"/>
  <testcase classname="DataBaseTesting.AutomationTestStore" name="FillTheData" time="11.016"/>
  <testcase classname="DataBaseTesting.AutomationTestStore" name="DeleteQuery" time="0.0">
    <ignored/>
  </testcase> <!-- DeleteQuery -->
  <testcase classname="DataBaseTesting.AutomationTestStore" name="InsertToTheTable" time="0.0">
    <ignored/>
  </testcase> <!-- InsertToTheTable -->
  <testcase classname="DataBaseTesting.AutomationTestStore" name="UpdateData" time="0.0">
    <ignored/>
  </testcase> <!-- UpdateData -->
</testsuite> <!-- Default test -->
