<?xml version="1.0" encoding="UTF-8"?>
<testng-results ignored="3" total="5" passed="2" failed="0" skipped="0">
  <reporter-output>
  </reporter-output>
  <suite started-at="2025-12-14T04:58:31 PST" name="Default suite" finished-at="2025-12-14T04:58:44 PST" duration-ms="12726">
    <groups>
    </groups>
    <test started-at="2025-12-14T04:58:31 PST" name="Default test" finished-at="2025-12-14T04:58:44 PST" duration-ms="12726">
      <class name="DataBaseTesting.AutomationTestStore">
        <test-method is-config="true" signature="AutomationSetup()[pri:0, instance:DataBaseTesting.AutomationTestStore@6622fc65]" started-at="2025-12-14T04:58:31 PST" name="AutomationSetup" finished-at="2025-12-14T04:58:33 PST" duration-ms="1606" status="PASS">
          <reporter-output>
          </reporter-output>
        </test-method> <!-- AutomationSetup -->
        <test-method is-config="true" signature="ThisShouldExecuteBeforeEveryTest()[pri:0, instance:DataBaseTesting.AutomationTestStore@6622fc65]" started-at="2025-12-14T04:58:33 PST" name="ThisShouldExecuteBeforeEveryTest" finished-at="2025-12-14T04:58:33 PST" duration-ms="6" status="PASS">
          <reporter-output>
          </reporter-output>
        </test-method> <!-- ThisShouldExecuteBeforeEveryTest -->
        <test-method signature="Read()[pri:1, instance:DataBaseTesting.AutomationTestStore@6622fc65]" started-at="2025-12-14T04:58:33 PST" name="Read" finished-at="2025-12-14T04:58:33 PST" duration-ms="52" status="PASS">
          <reporter-output>
          </reporter-output>
        </test-method> <!-- Read -->
        <test-method is-config="true" signature="ThisShouldExecuteBeforeEveryTest()[pri:0, instance:DataBaseTesting.AutomationTestStore@6622fc65]" started-at="2025-12-14T04:58:33 PST" name="ThisShouldExecuteBeforeEveryTest" finished-at="2025-12-14T04:58:33 PST" duration-ms="1" status="PASS">
          <reporter-output>
          </reporter-output>
        </test-method> <!-- ThisShouldExecuteBeforeEveryTest -->
        <test-method signature="FillTheData()[pri:2, instance:DataBaseTesting.AutomationTestStore@6622fc65]" started-at="2025-12-14T04:58:33 PST" name="FillTheData" finished-at="2025-12-14T04:58:44 PST" duration-ms="11016" status="PASS">
          <reporter-output>
          </reporter-output>
        </test-method> <!-- FillTheData -->
      </class> <!-- DataBaseTesting.AutomationTestStore -->
    </test> <!-- Default test -->
  </suite> <!-- Default suite -->
</testng-results>
