<?xml version="1.0" encoding="UTF-8"?>
<testng-results ignored="0" total="2" passed="2" failed="0" skipped="0">
  <reporter-output>
  </reporter-output>
  <suite started-at="2025-12-08T07:15:06 PST" name="Default suite" finished-at="2025-12-08T07:15:11 PST" duration-ms="5619">
    <groups>
    </groups>
    <test started-at="2025-12-08T07:15:06 PST" name="Default test" finished-at="2025-12-08T07:15:11 PST" duration-ms="5619">
      <class name="DataBaseTesting.CRUD">
        <test-method is-config="true" signature="AutomationSetup()[pri:0, instance:DataBaseTesting.CRUD@2ceb80a1]" started-at="2025-12-08T07:15:06 PST" name="AutomationSetup" finished-at="2025-12-08T07:15:08 PST" duration-ms="2327" status="PASS">
          <reporter-output>
          </reporter-output>
        </test-method> <!-- AutomationSetup -->
        <test-method signature="UpdateTheData()[pri:1, instance:DataBaseTesting.CRUD@2ceb80a1]" started-at="2025-12-08T07:15:08 PST" name="UpdateTheData" finished-at="2025-12-08T07:15:11 PST" duration-ms="3030" status="PASS">
          <reporter-output>
          </reporter-output>
        </test-method> <!-- UpdateTheData -->
        <test-method signature="ReadTheDataInsideTheBrowser()[pri:2, instance:DataBaseTesting.CRUD@2ceb80a1]" started-at="2025-12-08T07:15:11 PST" name="ReadTheDataInsideTheBrowser" finished-at="2025-12-08T07:15:11 PST" duration-ms="200" status="PASS">
          <reporter-output>
          </reporter-output>
        </test-method> <!-- ReadTheDataInsideTheBrowser -->
      </class> <!-- DataBaseTesting.CRUD -->
    </test> <!-- Default test -->
  </suite> <!-- Default suite -->
</testng-results>
