<?xml version="1.0" encoding="UTF-8"?>
<!-- Generated by org.testng.reporters.JUnitReportReporter -->
<testsuite hostname="DESKTOP-65NECE7" failures="0" tests="5" name="DataBaseTesting.AutomationTestStore" time="11.075" errors="0" timestamp="2025-12-14T04:58:44 PST" skipped="3">
  <testcase classname="DataBaseTesting.AutomationTestStore" name="Read" time="0.053"/>
  <testcase classname="DataBaseTesting.AutomationTestStore" name="FillTheData" time="11.022"/>
  <testcase classname="DataBaseTesting.AutomationTestStore" name="DeleteQuery">
    <skipped/>
  </testcase> <!-- DeleteQuery -->
  <testcase classname="DataBaseTesting.AutomationTestStore" name="InsertToTheTable">
    <skipped/>
  </testcase> <!-- InsertToTheTable -->
  <testcase classname="DataBaseTesting.AutomationTestStore" name="UpdateData">
    <skipped/>
  </testcase> <!-- UpdateData -->
</testsuite> <!-- DataBaseTesting.AutomationTestStore -->
